This file contains any messages produced by compilers while
running configure, to aid debugging if configure makes a mistake.

It was created by helloworld configure 2.0, which was
generated by GNU Autoconf 2.69.  Invocation command line was

  $ ./configure CFLAGS=

## --------- ##
## Platform. ##
## --------- ##

hostname = DESKTOP-SHU
uname -m = x86_64
uname -r = 3.0.7(0.338/5/3)
uname -s = CYGWIN_NT-10.0
uname -v = 2019-04-30 18:08

/usr/bin/uname -p = unknown
/bin/uname -X     = unknown

/bin/arch              = x86_64
/usr/bin/arch -k       = unknown
/usr/convex/getsysinfo = unknown
/usr/bin/hostinfo      = unknown
/bin/machine           = unknown
/usr/bin/oslevel       = unknown
/bin/universe          = unknown

PATH: /usr/local/bin
PATH: /usr/bin
PATH: /cygdrive/c/Program Files (x86)/NetSarang/Xshell 6
PATH: /cygdrive/c/Program Files (x86)/Common Files/Oracle/Java/javapath
PATH: /cygdrive/c/ProgramData/Oracle/Java/javapath
PATH: /cygdrive/c/WINDOWS/system32
PATH: /cygdrive/c/WINDOWS
PATH: /cygdrive/c/WINDOWS/System32/Wbem
PATH: /cygdrive/c/WINDOWS/System32/WindowsPowerShell/v1.0
PATH: /cygdrive/c/Program Files/TortoiseSVN/bin
PATH: /cygdrive/c/Program Files (x86)/Windows Kits/8.1/Windows Performance Toolkit
PATH: /cygdrive/c/Program Files/Microsoft SQL Server/110/Tools/Binn
PATH: /cygdrive/c/Program Files (x86)/Microsoft SDKs/TypeScript/1.0
PATH: /cygdrive/c/WINDOWS/System32/OpenSSH
PATH: /cygdrive/c/Program Files (x86)/Microsoft VS Code/bin
PATH: /cygdrive/c/GNUGlobal/bin
PATH: /cygdrive/c/Users/caton-shu/AppData/Local/Microsoft/WindowsApps
PATH: /cygdrive/c/Program Files (x86)/Microsoft VS Code/bin
PATH: /cygdrive/c/Users/caton-shu/AppData/Local/atom/bin
PATH: %USERPROFILE%/AppData/Local/Microsoft/WindowsApps


## ----------- ##
## Core tests. ##
## ----------- ##

configure:2258: checking for a BSD-compatible install
configure:2326: result: /usr/bin/install -c
configure:2337: checking whether build environment is sane
configure:2392: result: yes
configure:2543: checking for a thread-safe mkdir -p
configure:2582: result: /usr/bin/mkdir -p
configure:2589: checking for gawk
configure:2605: found /usr/bin/gawk
configure:2616: result: gawk
configure:2627: checking whether make sets $(MAKE)
configure:2649: result: yes
configure:2678: checking whether make supports nested variables
configure:2695: result: yes
configure:2871: checking for gcc
configure:2887: found /usr/bin/gcc
configure:2898: result: gcc
configure:3127: checking for C compiler version
configure:3136: gcc --version >&5
gcc (GCC) 7.4.0
Copyright (C) 2017 Free Software Foundation, Inc.
This is free software; see the source for copying conditions.  There is NO
warranty; not even for MERCHANTABILITY or FITNESS FOR A PARTICULAR PURPOSE.

configure:3147: $? = 0
configure:3136: gcc -v >&5
Using built-in specs.
COLLECT_GCC=gcc
COLLECT_LTO_WRAPPER=/usr/lib/gcc/x86_64-pc-cygwin/7.4.0/lto-wrapper.exe
Target: x86_64-pc-cygwin
Configured with: /cygdrive/i/szsz/tmpp/gcc/gcc-7.4.0-1.x86_64/src/gcc-7.4.0/configure --srcdir=/cygdrive/i/szsz/tmpp/gcc/gcc-7.4.0-1.x86_64/src/gcc-7.4.0 --prefix=/usr --exec-prefix=/usr --localstatedir=/var --sysconfdir=/etc --docdir=/usr/share/doc/gcc --htmldir=/usr/share/doc/gcc/html -C --build=x86_64-pc-cygwin --host=x86_64-pc-cygwin --target=x86_64-pc-cygwin --without-libiconv-prefix --without-libintl-prefix --libexecdir=/usr/lib --enable-shared --enable-shared-libgcc --enable-static --enable-version-specific-runtime-libs --enable-bootstrap --enable-__cxa_atexit --with-dwarf2 --with-tune=generic --enable-languages=ada,c,c++,fortran,lto,objc,obj-c++ --enable-graphite --enable-threads=posix --enable-libatomic --enable-libcilkrts --enable-libgomp --enable-libitm --enable-libquadmath --enable-libquadmath-support --disable-libssp --enable-libada --disable-symvers --with-gnu-ld --with-gnu-as --with-cloog-include=/usr/include/cloog-isl --without-libiconv-prefix --without-libintl-prefix --with-system-zlib --enable-linker-build-id --with-default-libstdcxx-abi=gcc4-compatible --enable-libstdcxx-filesystem-ts
Thread model: posix
gcc version 7.4.0 (GCC) 
configure:3147: $? = 0
configure:3136: gcc -V >&5
gcc: error: unrecognized command line option '-V'
gcc: fatal error: no input files
compilation terminated.
configure:3147: $? = 1
configure:3136: gcc -qversion >&5
gcc: error: unrecognized command line option '-qversion'; did you mean '--version'?
gcc: fatal error: no input files
compilation terminated.
configure:3147: $? = 1
configure:3167: checking whether the C compiler works
configure:3189: gcc    conftest.c  >&5
configure:3193: $? = 0
configure:3241: result: yes
configure:3244: checking for C compiler default output file name
configure:3246: result: a.exe
configure:3252: checking for suffix of executables
configure:3259: gcc -o conftest.exe    conftest.c  >&5
configure:3263: $? = 0
configure:3285: result: .exe
configure:3307: checking whether we are cross compiling
configure:3315: gcc -o conftest.exe    conftest.c  >&5
configure:3319: $? = 0
configure:3326: ./conftest.exe
configure:3330: $? = 0
configure:3345: result: no
configure:3350: checking for suffix of object files
configure:3372: gcc -c   conftest.c >&5
configure:3376: $? = 0
configure:3397: result: o
configure:3401: checking whether we are using the GNU C compiler
configure:3420: gcc -c   conftest.c >&5
configure:3420: $? = 0
configure:3429: result: yes
configure:3438: checking whether gcc accepts -g
configure:3458: gcc -c -g  conftest.c >&5
configure:3458: $? = 0
configure:3499: result: yes
configure:3516: checking for gcc option to accept ISO C89
configure:3579: gcc  -c   conftest.c >&5
configure:3579: $? = 0
configure:3592: result: none needed
configure:3617: checking whether gcc understands -c and -o together
configure:3639: gcc -c conftest.c -o conftest2.o
configure:3642: $? = 0
configure:3639: gcc -c conftest.c -o conftest2.o
configure:3642: $? = 0
configure:3654: result: yes
configure:3674: checking whether make supports the include directive
configure:3689: make -f confmf.GNU && cat confinc.out
this is the am__doit target
configure:3692: $? = 0
configure:3711: result: yes (GNU style)
configure:3736: checking dependency style of gcc
configure:3847: result: gcc3
configure:3905: checking for ranlib
configure:3921: found /usr/bin/ranlib
configure:3932: result: ranlib
configure:3965: checking how to run the C preprocessor
configure:3996: gcc -E  conftest.c
configure:3996: $? = 0
configure:4010: gcc -E  conftest.c
conftest.c:11:10: fatal error: ac_nonexistent.h: No such file or directory
 #include <ac_nonexistent.h>
          ^~~~~~~~~~~~~~~~~~
compilation terminated.
configure:4010: $? = 1
configure: failed program was:
| /* confdefs.h */
| #define PACKAGE_NAME "helloworld"
| #define PACKAGE_TARNAME "helloworld"
| #define PACKAGE_VERSION "2.0"
| #define PACKAGE_STRING "helloworld 2.0"
| #define PACKAGE_BUGREPORT "z.shu@catontechnology.com"
| #define PACKAGE_URL ""
| #define PACKAGE "helloworld"
| #define VERSION "2.0"
| /* end confdefs.h.  */
| #include <ac_nonexistent.h>
configure:4035: result: gcc -E
configure:4055: gcc -E  conftest.c
configure:4055: $? = 0
configure:4069: gcc -E  conftest.c
conftest.c:11:10: fatal error: ac_nonexistent.h: No such file or directory
 #include <ac_nonexistent.h>
          ^~~~~~~~~~~~~~~~~~
compilation terminated.
configure:4069: $? = 1
configure: failed program was:
| /* confdefs.h */
| #define PACKAGE_NAME "helloworld"
| #define PACKAGE_TARNAME "helloworld"
| #define PACKAGE_VERSION "2.0"
| #define PACKAGE_STRING "helloworld 2.0"
| #define PACKAGE_BUGREPORT "z.shu@catontechnology.com"
| #define PACKAGE_URL ""
| #define PACKAGE "helloworld"
| #define VERSION "2.0"
| /* end confdefs.h.  */
| #include <ac_nonexistent.h>
configure:4098: checking for grep that handles long lines and -e
configure:4156: result: /usr/bin/grep
configure:4161: checking for egrep
configure:4223: result: /usr/bin/grep -E
configure:4228: checking for ANSI C header files
configure:4248: gcc -c   conftest.c >&5
configure:4248: $? = 0
configure:4321: gcc -o conftest.exe    conftest.c  >&5
configure:4321: $? = 0
configure:4321: ./conftest.exe
configure:4321: $? = 0
configure:4332: result: yes
configure:4345: checking for sys/types.h
configure:4345: gcc -c   conftest.c >&5
configure:4345: $? = 0
configure:4345: result: yes
configure:4345: checking for sys/stat.h
configure:4345: gcc -c   conftest.c >&5
configure:4345: $? = 0
configure:4345: result: yes
configure:4345: checking for stdlib.h
configure:4345: gcc -c   conftest.c >&5
configure:4345: $? = 0
configure:4345: result: yes
configure:4345: checking for string.h
configure:4345: gcc -c   conftest.c >&5
configure:4345: $? = 0
configure:4345: result: yes
configure:4345: checking for memory.h
configure:4345: gcc -c   conftest.c >&5
configure:4345: $? = 0
configure:4345: result: yes
configure:4345: checking for strings.h
configure:4345: gcc -c   conftest.c >&5
configure:4345: $? = 0
configure:4345: result: yes
configure:4345: checking for inttypes.h
configure:4345: gcc -c   conftest.c >&5
configure:4345: $? = 0
configure:4345: result: yes
configure:4345: checking for stdint.h
configure:4345: gcc -c   conftest.c >&5
configure:4345: $? = 0
configure:4345: result: yes
configure:4345: checking for unistd.h
configure:4345: gcc -c   conftest.c >&5
configure:4345: $? = 0
configure:4345: result: yes
configure:4360: checking float.h usability
configure:4360: gcc -c   conftest.c >&5
configure:4360: $? = 0
configure:4360: result: yes
configure:4360: checking float.h presence
configure:4360: gcc -E  conftest.c
configure:4360: $? = 0
configure:4360: result: yes
configure:4360: checking for float.h
configure:4360: result: yes
configure:4360: checking limits.h usability
configure:4360: gcc -c   conftest.c >&5
configure:4360: $? = 0
configure:4360: result: yes
configure:4360: checking limits.h presence
configure:4360: gcc -E  conftest.c
configure:4360: $? = 0
configure:4360: result: yes
configure:4360: checking for limits.h
configure:4360: result: yes
configure:4360: checking for stdlib.h
configure:4360: result: yes
configure:4360: checking for string.h
configure:4360: result: yes
configure:4372: checking for size_t
configure:4372: gcc -c   conftest.c >&5
configure:4372: $? = 0
configure:4372: gcc -c   conftest.c >&5
conftest.c: In function 'main':
conftest.c:61:21: error: expected expression before ')' token
 if (sizeof ((size_t)))
                     ^
configure:4372: $? = 1
configure: failed program was:
| /* confdefs.h */
| #define PACKAGE_NAME "helloworld"
| #define PACKAGE_TARNAME "helloworld"
| #define PACKAGE_VERSION "2.0"
| #define PACKAGE_STRING "helloworld 2.0"
| #define PACKAGE_BUGREPORT "z.shu@catontechnology.com"
| #define PACKAGE_URL ""
| #define PACKAGE "helloworld"
| #define VERSION "2.0"
| #define STDC_HEADERS 1
| #define HAVE_SYS_TYPES_H 1
| #define HAVE_SYS_STAT_H 1
| #define HAVE_STDLIB_H 1
| #define HAVE_STRING_H 1
| #define HAVE_MEMORY_H 1
| #define HAVE_STRINGS_H 1
| #define HAVE_INTTYPES_H 1
| #define HAVE_STDINT_H 1
| #define HAVE_UNISTD_H 1
| #define HAVE_FLOAT_H 1
| #define HAVE_LIMITS_H 1
| #define HAVE_STDLIB_H 1
| #define HAVE_STRING_H 1
| /* end confdefs.h.  */
| #include <stdio.h>
| #ifdef HAVE_SYS_TYPES_H
| # include <sys/types.h>
| #endif
| #ifdef HAVE_SYS_STAT_H
| # include <sys/stat.h>
| #endif
| #ifdef STDC_HEADERS
| # include <stdlib.h>
| # include <stddef.h>
| #else
| # ifdef HAVE_STDLIB_H
| #  include <stdlib.h>
| # endif
| #endif
| #ifdef HAVE_STRING_H
| # if !defined STDC_HEADERS && defined HAVE_MEMORY_H
| #  include <memory.h>
| # endif
| # include <string.h>
| #endif
| #ifdef HAVE_STRINGS_H
| # include <strings.h>
| #endif
| #ifdef HAVE_INTTYPES_H
| # include <inttypes.h>
| #endif
| #ifdef HAVE_STDINT_H
| # include <stdint.h>
| #endif
| #ifdef HAVE_UNISTD_H
| # include <unistd.h>
| #endif
| int
| main ()
| {
| if (sizeof ((size_t)))
| 	    return 0;
|   ;
|   return 0;
| }
configure:4372: result: yes
configure:4388: checking for floor
configure:4388: gcc -o conftest.exe    conftest.c  >&5
conftest.c:48:6: warning: conflicting types for built-in function 'floor' [-Wbuiltin-declaration-mismatch]
 char floor ();
      ^~~~~
configure:4388: $? = 0
configure:4388: result: yes
configure:4388: checking for memset
configure:4388: gcc -o conftest.exe    conftest.c  >&5
conftest.c:49:6: warning: conflicting types for built-in function 'memset' [-Wbuiltin-declaration-mismatch]
 char memset ();
      ^~~~~~
configure:4388: $? = 0
configure:4388: result: yes
configure:4388: checking for pow
configure:4388: gcc -o conftest.exe    conftest.c  >&5
conftest.c:50:6: warning: conflicting types for built-in function 'pow' [-Wbuiltin-declaration-mismatch]
 char pow ();
      ^~~
configure:4388: $? = 0
configure:4388: result: yes
configure:4388: checking for strchr
configure:4388: gcc -o conftest.exe    conftest.c  >&5
conftest.c:51:6: warning: conflicting types for built-in function 'strchr' [-Wbuiltin-declaration-mismatch]
 char strchr ();
      ^~~~~~
configure:4388: $? = 0
configure:4388: result: yes
configure:4509: checking that generated files are newer than configure
configure:4515: result: done
configure:4538: creating ./config.status

## ---------------------- ##
## Running config.status. ##
## ---------------------- ##

This file was extended by helloworld config.status 2.0, which was
generated by GNU Autoconf 2.69.  Invocation command line was

  CONFIG_FILES    = 
  CONFIG_HEADERS  = 
  CONFIG_LINKS    = 
  CONFIG_COMMANDS = 
  $ ./config.status 

on DESKTOP-SHU

config.status:864: creating Makefile
config.status:864: creating src/Makefile
config.status:864: creating src/cJSON/Makefile
config.status:864: creating config.h
config.status:1045: config.h is unchanged
config.status:1093: executing depfiles commands
config.status:1170: cd src       && sed -e '/# am--include-marker/d' Makefile         | make -f - am--depfiles
make: Nothing to be done for 'am--depfiles'.
config.status:1175: $? = 0
config.status:1170: cd src/cJSON       && sed -e '/# am--include-marker/d' Makefile         | make -f - am--depfiles
make: Nothing to be done for 'am--depfiles'.
config.status:1175: $? = 0

## ---------------- ##
## Cache variables. ##
## ---------------- ##

ac_cv_c_compiler_gnu=yes
ac_cv_env_CC_set=
ac_cv_env_CC_value=
ac_cv_env_CFLAGS_set=set
ac_cv_env_CFLAGS_value=
ac_cv_env_CPPFLAGS_set=
ac_cv_env_CPPFLAGS_value=
ac_cv_env_CPP_set=
ac_cv_env_CPP_value=
ac_cv_env_LDFLAGS_set=
ac_cv_env_LDFLAGS_value=
ac_cv_env_LIBS_set=
ac_cv_env_LIBS_value=
ac_cv_env_build_alias_set=
ac_cv_env_build_alias_value=
ac_cv_env_host_alias_set=
ac_cv_env_host_alias_value=
ac_cv_env_target_alias_set=
ac_cv_env_target_alias_value=
ac_cv_exeext=.exe
ac_cv_func_floor=yes
ac_cv_func_memset=yes
ac_cv_func_pow=yes
ac_cv_func_strchr=yes
ac_cv_header_float_h=yes
ac_cv_header_inttypes_h=yes
ac_cv_header_limits_h=yes
ac_cv_header_memory_h=yes
ac_cv_header_stdc=yes
ac_cv_header_stdint_h=yes
ac_cv_header_stdlib_h=yes
ac_cv_header_string_h=yes
ac_cv_header_strings_h=yes
ac_cv_header_sys_stat_h=yes
ac_cv_header_sys_types_h=yes
ac_cv_header_unistd_h=yes
ac_cv_objext=o
ac_cv_path_EGREP='/usr/bin/grep -E'
ac_cv_path_GREP=/usr/bin/grep
ac_cv_path_install='/usr/bin/install -c'
ac_cv_path_mkdir=/usr/bin/mkdir
ac_cv_prog_AWK=gawk
ac_cv_prog_CPP='gcc -E'
ac_cv_prog_ac_ct_CC=gcc
ac_cv_prog_ac_ct_RANLIB=ranlib
ac_cv_prog_cc_c89=
ac_cv_prog_cc_g=yes
ac_cv_prog_make_make_set=yes
ac_cv_type_size_t=yes
am_cv_CC_dependencies_compiler_type=gcc3
am_cv_make_support_nested_variables=yes
am_cv_prog_cc_c_o=yes

## ----------------- ##
## Output variables. ##
## ----------------- ##

ACLOCAL='${SHELL} /home/caton-shu/git-develop/automake_demo/HelloWorld_1/missing aclocal-1.16'
AMDEPBACKSLASH='\'
AMDEP_FALSE='#'
AMDEP_TRUE=''
AMTAR='$${TAR-tar}'
AM_BACKSLASH='\'
AM_DEFAULT_V='$(AM_DEFAULT_VERBOSITY)'
AM_DEFAULT_VERBOSITY='1'
AM_V='$(V)'
AUTOCONF='${SHELL} /home/caton-shu/git-develop/automake_demo/HelloWorld_1/missing autoconf'
AUTOHEADER='${SHELL} /home/caton-shu/git-develop/automake_demo/HelloWorld_1/missing autoheader'
AUTOMAKE='${SHELL} /home/caton-shu/git-develop/automake_demo/HelloWorld_1/missing automake-1.16'
AWK='gawk'
CC='gcc'
CCDEPMODE='depmode=gcc3'
CFLAGS=''
CPP='gcc -E'
CPPFLAGS=''
CYGPATH_W='cygpath -w'
DEFS='-DHAVE_CONFIG_H'
DEPDIR='.deps'
ECHO_C=''
ECHO_N='-n'
ECHO_T=''
EGREP='/usr/bin/grep -E'
EXEEXT='.exe'
GREP='/usr/bin/grep'
INSTALL_DATA='${INSTALL} -m 644'
INSTALL_PROGRAM='${INSTALL}'
INSTALL_SCRIPT='${INSTALL}'
INSTALL_STRIP_PROGRAM='$(install_sh) -c -s'
LDFLAGS=''
LIBOBJS=''
LIBS=''
LTLIBOBJS=''
MAKEINFO='${SHELL} /home/caton-shu/git-develop/automake_demo/HelloWorld_1/missing makeinfo'
MKDIR_P='/usr/bin/mkdir -p'
OBJEXT='o'
PACKAGE='helloworld'
PACKAGE_BUGREPORT='z.shu@catontechnology.com'
PACKAGE_NAME='helloworld'
PACKAGE_STRING='helloworld 2.0'
PACKAGE_TARNAME='helloworld'
PACKAGE_URL=''
PACKAGE_VERSION='2.0'
PATH_SEPARATOR=':'
RANLIB='ranlib'
SET_MAKE=''
SHELL='/bin/sh'
STRIP=''
VERSION='2.0'
ac_ct_CC='gcc'
am__EXEEXT_FALSE='#'
am__EXEEXT_TRUE=''
am__fastdepCC_FALSE='#'
am__fastdepCC_TRUE=''
am__include='include'
am__isrc=''
am__leading_dot='.'
am__nodep='_no'
am__quote=''
am__tar='$${TAR-tar} chof - "$$tardir"'
am__untar='$${TAR-tar} xf -'
bindir='${exec_prefix}/bin'
build_alias=''
datadir='${datarootdir}'
datarootdir='${prefix}/share'
docdir='${datarootdir}/doc/${PACKAGE_TARNAME}'
dvidir='${docdir}'
exec_prefix='${prefix}'
host_alias=''
htmldir='${docdir}'
includedir='${prefix}/include'
infodir='${datarootdir}/info'
install_sh='${SHELL} /home/caton-shu/git-develop/automake_demo/HelloWorld_1/install-sh'
libdir='${exec_prefix}/lib'
libexecdir='${exec_prefix}/libexec'
localedir='${datarootdir}/locale'
localstatedir='${prefix}/var'
mandir='${datarootdir}/man'
mkdir_p='$(MKDIR_P)'
oldincludedir='/usr/include'
pdfdir='${docdir}'
prefix='/usr/local'
program_transform_name='s,x,x,'
psdir='${docdir}'
runstatedir='${localstatedir}/run'
sbindir='${exec_prefix}/sbin'
sharedstatedir='${prefix}/com'
sysconfdir='${prefix}/etc'
target_alias=''

## ----------- ##
## confdefs.h. ##
## ----------- ##

/* confdefs.h */
#define PACKAGE_NAME "helloworld"
#define PACKAGE_TARNAME "helloworld"
#define PACKAGE_VERSION "2.0"
#define PACKAGE_STRING "helloworld 2.0"
#define PACKAGE_BUGREPORT "z.shu@catontechnology.com"
#define PACKAGE_URL ""
#define PACKAGE "helloworld"
#define VERSION "2.0"
#define STDC_HEADERS 1
#define HAVE_SYS_TYPES_H 1
#define HAVE_SYS_STAT_H 1
#define HAVE_STDLIB_H 1
#define HAVE_STRING_H 1
#define HAVE_MEMORY_H 1
#define HAVE_STRINGS_H 1
#define HAVE_INTTYPES_H 1
#define HAVE_STDINT_H 1
#define HAVE_UNISTD_H 1
#define HAVE_FLOAT_H 1
#define HAVE_LIMITS_H 1
#define HAVE_STDLIB_H 1
#define HAVE_STRING_H 1
#define HAVE_FLOOR 1
#define HAVE_MEMSET 1
#define HAVE_POW 1
#define HAVE_STRCHR 1

configure: exit 0
